2024-07-28 12:01:02,064 [Worker-4: Loading available Gradle versions] INFO  o.e.b.c.i.u.g.PublishedGradleVersions - Gradle version information cache is up-to-date. Trying to read.
2024-07-28 12:02:08,622 [Worker-5: Import Getting Started Content] INFO  o.e.m.c.i.l.LifecycleMappingFactory - Using org.eclipse.m2e.jdt.JarLifecycleMapping lifecycle mapping for MavenProject: com.nt:BootRest_1:0.0.1-SNAPSHOT @ C:\Users\BAIPALLI DILLEERAO\OneDrive\Desktop\New folder\BootRest_1\pom.xml.
2024-07-28 12:02:12,641 [Worker-5: Import Getting Started Content] INFO  o.e.m.j.i.AbstractJavaProjectConfigurator - Adding source folder /BootRest_1/src/main/java
2024-07-28 12:02:12,644 [Worker-5: Import Getting Started Content] INFO  o.e.m.j.i.AbstractJavaProjectConfigurator - Adding resource folder /BootRest_1/src/main/resources
2024-07-28 12:02:12,660 [Worker-5: Import Getting Started Content] INFO  o.e.m.j.i.AbstractJavaProjectConfigurator - Adding resource folder /BootRest_1/src/main/resources
2024-07-28 12:02:12,674 [Worker-5: Import Getting Started Content] INFO  o.e.m.j.i.AbstractJavaProjectConfigurator - Adding source folder /BootRest_1/src/test/java
2024-07-28 12:02:12,675 [Worker-5: Import Getting Started Content] INFO  o.e.m.j.i.AbstractJavaProjectConfigurator - Adding resource folder /BootRest_1/src/test/resources
2024-07-28 12:02:16,388 [Worker-5: Import Getting Started Content] INFO  o.e.m.c.i.p.ProjectConfigurationManager - Imported and configured 1 project(s) in 13 sec
2024-07-28 12:02:16,399 [Worker-5: Import Getting Started Content] INFO  o.e.m.c.i.p.ProjectConfigurationManager - Update started
2024-07-28 12:02:17,015 [Worker-5: Import Getting Started Content] INFO  o.e.m.c.i.l.LifecycleMappingFactory - Using org.eclipse.m2e.jdt.JarLifecycleMapping lifecycle mapping for MavenProject: com.nt:BootRest_1:0.0.1-SNAPSHOT @ C:\Users\BAIPALLI DILLEERAO\OneDrive\Desktop\New folder\BootRest_1\pom.xml.
2024-07-28 12:02:17,676 [Worker-5: Import Getting Started Content] INFO  o.e.m.j.i.AbstractJavaProjectConfigurator - Adding source folder /BootRest_1/src/main/java
2024-07-28 12:02:17,678 [Worker-5: Import Getting Started Content] INFO  o.e.m.j.i.AbstractJavaProjectConfigurator - Adding resource folder /BootRest_1/src/main/resources
2024-07-28 12:02:17,680 [Worker-5: Import Getting Started Content] INFO  o.e.m.j.i.AbstractJavaProjectConfigurator - Adding resource folder /BootRest_1/src/main/resources
2024-07-28 12:02:17,681 [Worker-5: Import Getting Started Content] INFO  o.e.m.j.i.AbstractJavaProjectConfigurator - Adding source folder /BootRest_1/src/test/java
2024-07-28 12:02:17,682 [Worker-5: Import Getting Started Content] INFO  o.e.m.j.i.AbstractJavaProjectConfigurator - Adding resource folder /BootRest_1/src/test/resources
2024-07-28 12:02:18,241 [Worker-5: Import Getting Started Content] INFO  o.e.m.c.i.p.ProjectConfigurationManager - Update completed for 1 poms: local refresh takes 0.00 sec, refresh facades takes 1.00 sec, update config takes 0.00 sec 
2024-07-28 12:02:19,128 [Worker-3: Building] INFO  o.a.m.s.f.DefaultMavenResourcesFiltering - Copying 1 resource from src\main\resources to target\classes
2024-07-28 12:02:19,151 [Worker-3: Building] INFO  o.a.m.s.f.DefaultMavenResourcesFiltering - Copying 0 resource from src\main\resources to target\classes
2024-07-28 12:02:19,158 [Worker-3: Building] INFO  o.a.m.s.f.DefaultMavenResourcesFiltering - skip non existing resourceDirectory C:\Users\BAIPALLI DILLEERAO\OneDrive\Desktop\New folder\BootRest_1\src\test\resources
2024-07-28 12:02:48,477 [Worker-5: Building] INFO  o.a.m.s.f.DefaultMavenResourcesFiltering - Copying 1 resource from src\main\resources to target\classes
2024-07-28 12:02:48,497 [Worker-5: Building] INFO  o.a.m.s.f.DefaultMavenResourcesFiltering - Copying 0 resource from src\main\resources to target\classes
2024-07-28 12:02:48,504 [Worker-5: Building] INFO  o.a.m.s.f.DefaultMavenResourcesFiltering - skip non existing resourceDirectory C:\Users\BAIPALLI DILLEERAO\OneDrive\Desktop\New folder\BootRest_1\src\test\resources
2024-07-28 12:03:20,810 [Worker-6: Updating Maven Project] INFO  o.e.m.c.i.p.ProjectConfigurationManager - Update started
2024-07-28 12:03:21,354 [Worker-6: Updating Maven Project] INFO  o.e.m.c.i.l.LifecycleMappingFactory - Using org.eclipse.m2e.jdt.JarLifecycleMapping lifecycle mapping for MavenProject: com.nt:BootRest_1:0.0.1-SNAPSHOT @ C:\Users\BAIPALLI DILLEERAO\OneDrive\Desktop\New folder\BootRest_1\pom.xml.
2024-07-28 12:03:21,821 [Worker-6: Updating Maven Project] INFO  o.e.m.j.i.AbstractJavaProjectConfigurator - Adding source folder /BootRest_1/src/main/java
2024-07-28 12:03:21,823 [Worker-6: Updating Maven Project] INFO  o.e.m.j.i.AbstractJavaProjectConfigurator - Adding resource folder /BootRest_1/src/main/resources
2024-07-28 12:03:21,824 [Worker-6: Updating Maven Project] INFO  o.e.m.j.i.AbstractJavaProjectConfigurator - Adding resource folder /BootRest_1/src/main/resources
2024-07-28 12:03:21,825 [Worker-6: Updating Maven Project] INFO  o.e.m.j.i.AbstractJavaProjectConfigurator - Adding source folder /BootRest_1/src/test/java
2024-07-28 12:03:21,826 [Worker-6: Updating Maven Project] INFO  o.e.m.j.i.AbstractJavaProjectConfigurator - Adding resource folder /BootRest_1/src/test/resources
2024-07-28 12:03:22,136 [Worker-6: Updating Maven Project] INFO  o.e.m.c.i.p.ProjectConfigurationManager - Update completed for 1 poms: local refresh takes 0.00 sec, refresh facades takes 0.00 sec, update config takes 0.00 sec 
2024-07-28 12:03:22,500 [Worker-0: Building] INFO  o.a.m.s.f.DefaultMavenResourcesFiltering - Copying 1 resource from src\main\resources to target\classes
2024-07-28 12:03:22,524 [Worker-0: Building] INFO  o.a.m.s.f.DefaultMavenResourcesFiltering - Copying 0 resource from src\main\resources to target\classes
2024-07-28 12:03:22,530 [Worker-0: Building] INFO  o.a.m.s.f.DefaultMavenResourcesFiltering - skip non existing resourceDirectory C:\Users\BAIPALLI DILLEERAO\OneDrive\Desktop\New folder\BootRest_1\src\test\resources
2024-07-28 12:04:47,337 [Worker-14: Building] INFO  o.e.m.c.i.l.LifecycleMappingFactory - Using org.eclipse.m2e.jdt.JarLifecycleMapping lifecycle mapping for MavenProject: com.nt:BootRest_1:0.0.1-SNAPSHOT @ C:\Users\BAIPALLI DILLEERAO\OneDrive\Desktop\New folder\BootRest_1\pom.xml.
2024-07-28 12:04:47,852 [Worker-14: Building] INFO  o.e.m.c.i.e.AbstractTransferListenerAdapter - Downloading https://repo.maven.apache.org/maven2/org/springframework/spring-web/5.0.7.RELEASE/spring-web-5.0.7.RELEASE.pom
2024-07-28 12:04:47,916 [Worker-14: Building] INFO  o.e.m.c.i.e.AbstractTransferListenerAdapter - Downloaded https://repo.maven.apache.org/maven2/org/springframework/spring-web/5.0.7.RELEASE/spring-web-5.0.7.RELEASE.pom
2024-07-28 12:04:48,087 [Worker-14: Building] INFO  o.e.m.c.i.e.AbstractTransferListenerAdapter - Downloading https://repo.maven.apache.org/maven2/org/springframework/spring-web/5.0.7.RELEASE/spring-web-5.0.7.RELEASE.jar
2024-07-28 12:04:48,242 [Worker-14: Building] INFO  o.e.m.c.i.e.AbstractTransferListenerAdapter - Downloaded https://repo.maven.apache.org/maven2/org/springframework/spring-web/5.0.7.RELEASE/spring-web-5.0.7.RELEASE.jar
2024-07-28 12:04:48,586 [Worker-14: Building] INFO  o.a.m.s.f.DefaultMavenResourcesFiltering - Copying 0 resource from src\main\resources to target\classes
2024-07-28 12:04:48,587 [Worker-14: Building] INFO  o.a.m.s.f.DefaultMavenResourcesFiltering - Copying 0 resource from src\main\resources to target\classes
2024-07-28 12:04:48,594 [Worker-14: Building] INFO  o.a.m.s.f.DefaultMavenResourcesFiltering - skip non existing resourceDirectory C:\Users\BAIPALLI DILLEERAO\OneDrive\Desktop\New folder\BootRest_1\src\test\resources
2024-07-28 12:04:49,526 [Worker-0: Download sources and javadoc] INFO  o.e.m.c.i.e.AbstractTransferListenerAdapter - Downloading https://repo.maven.apache.org/maven2/org/springframework/spring-web/5.0.7.RELEASE/spring-web-5.0.7.RELEASE-sources.jar
2024-07-28 12:04:49,649 [Worker-0: Download sources and javadoc] INFO  o.e.m.c.i.e.AbstractTransferListenerAdapter - Downloaded https://repo.maven.apache.org/maven2/org/springframework/spring-web/5.0.7.RELEASE/spring-web-5.0.7.RELEASE-sources.jar
2024-07-28 12:04:49,655 [Worker-0: Download sources and javadoc] INFO  o.e.m.j.internal.DownloadSourcesJob - Downloaded sources for org.springframework:spring-web:5.0.7.RELEASE
2024-07-28 12:04:50,000 [Worker-12: Building] INFO  o.a.m.s.f.DefaultMavenResourcesFiltering - Copying 1 resource from src\main\resources to target\classes
2024-07-28 12:04:50,020 [Worker-12: Building] INFO  o.a.m.s.f.DefaultMavenResourcesFiltering - Copying 0 resource from src\main\resources to target\classes
2024-07-28 12:04:50,025 [Worker-12: Building] INFO  o.a.m.s.f.DefaultMavenResourcesFiltering - skip non existing resourceDirectory C:\Users\BAIPALLI DILLEERAO\OneDrive\Desktop\New folder\BootRest_1\src\test\resources
2024-07-28 12:05:08,921 [Worker-4: Building] INFO  o.a.m.s.f.DefaultMavenResourcesFiltering - Copying 1 resource from src\main\resources to target\classes
2024-07-28 12:05:08,944 [Worker-4: Building] INFO  o.a.m.s.f.DefaultMavenResourcesFiltering - Copying 0 resource from src\main\resources to target\classes
2024-07-28 12:05:08,950 [Worker-4: Building] INFO  o.a.m.s.f.DefaultMavenResourcesFiltering - skip non existing resourceDirectory C:\Users\BAIPALLI DILLEERAO\OneDrive\Desktop\New folder\BootRest_1\src\test\resources
2024-07-28 12:05:22,360 [Worker-4: Building] INFO  o.a.m.s.f.DefaultMavenResourcesFiltering - Copying 1 resource from src\main\resources to target\classes
2024-07-28 12:05:22,373 [Worker-4: Building] INFO  o.a.m.s.f.DefaultMavenResourcesFiltering - Copying 0 resource from src\main\resources to target\classes
2024-07-28 12:05:22,379 [Worker-4: Building] INFO  o.a.m.s.f.DefaultMavenResourcesFiltering - skip non existing resourceDirectory C:\Users\BAIPALLI DILLEERAO\OneDrive\Desktop\New folder\BootRest_1\src\test\resources
2024-07-28 12:07:13,721 [Worker-0: Building] INFO  o.a.m.s.f.DefaultMavenResourcesFiltering - Copying 1 resource from src\main\resources to target\classes
2024-07-28 12:07:13,733 [Worker-0: Building] INFO  o.a.m.s.f.DefaultMavenResourcesFiltering - Copying 0 resource from src\main\resources to target\classes
2024-07-28 12:07:13,739 [Worker-0: Building] INFO  o.a.m.s.f.DefaultMavenResourcesFiltering - skip non existing resourceDirectory C:\Users\BAIPALLI DILLEERAO\OneDrive\Desktop\New folder\BootRest_1\src\test\resources
2024-07-28 12:07:17,765 [Worker-0: Building] INFO  o.a.m.s.f.DefaultMavenResourcesFiltering - Copying 1 resource from src\main\resources to target\classes
2024-07-28 12:07:17,774 [Worker-0: Building] INFO  o.a.m.s.f.DefaultMavenResourcesFiltering - Copying 0 resource from src\main\resources to target\classes
2024-07-28 12:07:17,779 [Worker-0: Building] INFO  o.a.m.s.f.DefaultMavenResourcesFiltering - skip non existing resourceDirectory C:\Users\BAIPALLI DILLEERAO\OneDrive\Desktop\New folder\BootRest_1\src\test\resources
2024-07-28 12:07:52,482 [Worker-14: Building] INFO  o.e.m.c.i.l.LifecycleMappingFactory - Using org.eclipse.m2e.jdt.JarLifecycleMapping lifecycle mapping for MavenProject: com.nt:BootRest_1:0.0.1-SNAPSHOT @ C:\Users\BAIPALLI DILLEERAO\OneDrive\Desktop\New folder\BootRest_1\pom.xml.
2024-07-28 12:07:53,140 [Worker-14: Building] INFO  o.a.m.s.f.DefaultMavenResourcesFiltering - Copying 0 resource from src\main\resources to target\classes
2024-07-28 12:07:53,141 [Worker-14: Building] INFO  o.a.m.s.f.DefaultMavenResourcesFiltering - Copying 0 resource from src\main\resources to target\classes
2024-07-28 12:07:53,146 [Worker-14: Building] INFO  o.a.m.s.f.DefaultMavenResourcesFiltering - skip non existing resourceDirectory C:\Users\BAIPALLI DILLEERAO\OneDrive\Desktop\New folder\BootRest_1\src\test\resources
2024-07-28 12:08:10,971 [Worker-14: Building] INFO  o.e.m.c.i.l.LifecycleMappingFactory - Using org.eclipse.m2e.jdt.JarLifecycleMapping lifecycle mapping for MavenProject: com.nt:BootRest_1:0.0.1-SNAPSHOT @ C:\Users\BAIPALLI DILLEERAO\OneDrive\Desktop\New folder\BootRest_1\pom.xml.
2024-07-28 12:08:11,535 [Worker-14: Building] INFO  o.a.m.s.f.DefaultMavenResourcesFiltering - Copying 0 resource from src\main\resources to target\classes
2024-07-28 12:08:11,536 [Worker-14: Building] INFO  o.a.m.s.f.DefaultMavenResourcesFiltering - Copying 0 resource from src\main\resources to target\classes
2024-07-28 12:08:11,542 [Worker-14: Building] INFO  o.a.m.s.f.DefaultMavenResourcesFiltering - skip non existing resourceDirectory C:\Users\BAIPALLI DILLEERAO\OneDrive\Desktop\New folder\BootRest_1\src\test\resources
2024-07-28 12:08:28,309 [Worker-13: Building] INFO  o.e.m.c.i.l.LifecycleMappingFactory - Using org.eclipse.m2e.jdt.JarLifecycleMapping lifecycle mapping for MavenProject: com.nt:BootRest_1:0.0.1-SNAPSHOT @ C:\Users\BAIPALLI DILLEERAO\OneDrive\Desktop\New folder\BootRest_1\pom.xml.
2024-07-28 12:08:28,771 [Worker-13: Building] INFO  o.a.m.s.f.DefaultMavenResourcesFiltering - Copying 0 resource from src\main\resources to target\classes
2024-07-28 12:08:28,772 [Worker-13: Building] INFO  o.a.m.s.f.DefaultMavenResourcesFiltering - Copying 0 resource from src\main\resources to target\classes
2024-07-28 12:08:28,776 [Worker-13: Building] INFO  o.a.m.s.f.DefaultMavenResourcesFiltering - skip non existing resourceDirectory C:\Users\BAIPALLI DILLEERAO\OneDrive\Desktop\New folder\BootRest_1\src\test\resources
2024-07-28 12:09:00,563 [Worker-13: Building] INFO  o.e.m.c.i.l.LifecycleMappingFactory - Using org.eclipse.m2e.jdt.JarLifecycleMapping lifecycle mapping for MavenProject: com.nt:BootRest_1:0.0.1-SNAPSHOT @ C:\Users\BAIPALLI DILLEERAO\OneDrive\Desktop\New folder\BootRest_1\pom.xml.
2024-07-28 12:09:01,108 [Worker-13: Building] INFO  o.a.m.s.f.DefaultMavenResourcesFiltering - Copying 0 resource from src\main\resources to target\classes
2024-07-28 12:09:01,109 [Worker-13: Building] INFO  o.a.m.s.f.DefaultMavenResourcesFiltering - Copying 0 resource from src\main\resources to target\classes
2024-07-28 12:09:01,115 [Worker-13: Building] INFO  o.a.m.s.f.DefaultMavenResourcesFiltering - skip non existing resourceDirectory C:\Users\BAIPALLI DILLEERAO\OneDrive\Desktop\New folder\BootRest_1\src\test\resources
2024-07-28 12:09:08,020 [Worker-12: Building] INFO  o.e.m.c.i.l.LifecycleMappingFactory - Using org.eclipse.m2e.jdt.JarLifecycleMapping lifecycle mapping for MavenProject: com.nt:BootRest_1:0.0.1-SNAPSHOT @ C:\Users\BAIPALLI DILLEERAO\OneDrive\Desktop\New folder\BootRest_1\pom.xml.
2024-07-28 12:09:08,455 [Worker-12: Building] INFO  o.a.m.s.f.DefaultMavenResourcesFiltering - Copying 0 resource from src\main\resources to target\classes
2024-07-28 12:09:08,456 [Worker-12: Building] INFO  o.a.m.s.f.DefaultMavenResourcesFiltering - Copying 0 resource from src\main\resources to target\classes
2024-07-28 12:09:08,461 [Worker-12: Building] INFO  o.a.m.s.f.DefaultMavenResourcesFiltering - skip non existing resourceDirectory C:\Users\BAIPALLI DILLEERAO\OneDrive\Desktop\New folder\BootRest_1\src\test\resources
2024-07-28 12:10:17,438 [Worker-0: Building] INFO  o.e.m.c.i.l.LifecycleMappingFactory - Using org.eclipse.m2e.jdt.JarLifecycleMapping lifecycle mapping for MavenProject: com.nt:BootRest_1:0.0.1-SNAPSHOT @ C:\Users\BAIPALLI DILLEERAO\OneDrive\Desktop\New folder\BootRest_1\pom.xml.
2024-07-28 12:10:22,147 [Worker-0: Building] INFO  o.a.m.s.f.DefaultMavenResourcesFiltering - Copying 0 resource from src\main\resources to target\classes
2024-07-28 12:10:22,148 [Worker-0: Building] INFO  o.a.m.s.f.DefaultMavenResourcesFiltering - Copying 0 resource from src\main\resources to target\classes
2024-07-28 12:10:22,156 [Worker-0: Building] INFO  o.a.m.s.f.DefaultMavenResourcesFiltering - skip non existing resourceDirectory C:\Users\BAIPALLI DILLEERAO\OneDrive\Desktop\New folder\BootRest_1\src\test\resources
2024-07-28 12:10:23,886 [Worker-14: Building] INFO  o.a.m.s.f.DefaultMavenResourcesFiltering - Copying 1 resource from src\main\resources to target\classes
2024-07-28 12:10:23,904 [Worker-14: Building] INFO  o.a.m.s.f.DefaultMavenResourcesFiltering - Copying 0 resource from src\main\resources to target\classes
2024-07-28 12:10:23,908 [Worker-14: Building] INFO  o.a.m.s.f.DefaultMavenResourcesFiltering - skip non existing resourceDirectory C:\Users\BAIPALLI DILLEERAO\OneDrive\Desktop\New folder\BootRest_1\src\test\resources
2024-07-28 12:11:36,761 [Worker-0: Building] INFO  o.e.m.c.i.l.LifecycleMappingFactory - Using org.eclipse.m2e.jdt.JarLifecycleMapping lifecycle mapping for MavenProject: com.nt:BootRest_1:0.0.1-SNAPSHOT @ C:\Users\BAIPALLI DILLEERAO\OneDrive\Desktop\New folder\BootRest_1\pom.xml.
2024-07-28 12:11:37,233 [Worker-0: Building] INFO  o.a.m.s.f.DefaultMavenResourcesFiltering - Copying 0 resource from src\main\resources to target\classes
2024-07-28 12:11:37,235 [Worker-0: Building] INFO  o.a.m.s.f.DefaultMavenResourcesFiltering - Copying 0 resource from src\main\resources to target\classes
2024-07-28 12:11:37,240 [Worker-0: Building] INFO  o.a.m.s.f.DefaultMavenResourcesFiltering - skip non existing resourceDirectory C:\Users\BAIPALLI DILLEERAO\OneDrive\Desktop\New folder\BootRest_1\src\test\resources
2024-07-28 12:12:07,544 [main] INFO  o.e.m2e.actions.ExecutePomAction - Creating new launch configuration
2024-07-28 12:12:22,571 [Worker-16: Launching BootRest_1] INFO  o.eclipse.m2e.core.internal.Bundles - getClasspathEntries(Bundle=org.eclipse.m2e.maven.runtime_3.9.600.20231203-1234 [354])
2024-07-28 12:12:22,574 [Worker-16: Launching BootRest_1] INFO  o.eclipse.m2e.core.internal.Bundles - 	Entry: C:\Users\BAIPALLI DILLEERAO\Downloads\sts-4.22.0.RELEASE\plugins\org.eclipse.m2e.maven.runtime_3.9.600.20231203-1234
2024-07-28 12:12:22,575 [Worker-16: Launching BootRest_1] INFO  o.eclipse.m2e.core.internal.Bundles - 	Entry: C:\Users\BAIPALLI DILLEERAO\Downloads\sts-4.22.0.RELEASE\plugins\org.eclipse.m2e.maven.runtime_3.9.600.20231203-1234\jars\aopalliance-1.0.jar
2024-07-28 12:12:22,576 [Worker-16: Launching BootRest_1] INFO  o.eclipse.m2e.core.internal.Bundles - 	Entry: C:\Users\BAIPALLI DILLEERAO\Downloads\sts-4.22.0.RELEASE\plugins\org.eclipse.m2e.maven.runtime_3.9.600.20231203-1234\jars\guice-5.1.0.jar
2024-07-28 12:12:22,577 [Worker-16: Launching BootRest_1] INFO  o.eclipse.m2e.core.internal.Bundles - 	Entry: C:\Users\BAIPALLI DILLEERAO\Downloads\sts-4.22.0.RELEASE\plugins\org.eclipse.m2e.maven.runtime_3.9.600.20231203-1234\jars\httpclient-4.5.14.jar
2024-07-28 12:12:22,578 [Worker-16: Launching BootRest_1] INFO  o.eclipse.m2e.core.internal.Bundles - 	Entry: C:\Users\BAIPALLI DILLEERAO\Downloads\sts-4.22.0.RELEASE\plugins\org.eclipse.m2e.maven.runtime_3.9.600.20231203-1234\jars\httpcore-4.4.16.jar
2024-07-28 12:12:22,578 [Worker-16: Launching BootRest_1] INFO  o.eclipse.m2e.core.internal.Bundles - 	Entry: C:\Users\BAIPALLI DILLEERAO\Downloads\sts-4.22.0.RELEASE\plugins\org.eclipse.m2e.maven.runtime_3.9.600.20231203-1234\jars\jansi-2.4.0.jar
2024-07-28 12:12:22,578 [Worker-16: Launching BootRest_1] INFO  o.eclipse.m2e.core.internal.Bundles - 	Entry: C:\Users\BAIPALLI DILLEERAO\Downloads\sts-4.22.0.RELEASE\plugins\org.eclipse.m2e.maven.runtime_3.9.600.20231203-1234\jars\jcl-over-slf4j-1.7.36.jar
2024-07-28 12:12:22,578 [Worker-16: Launching BootRest_1] INFO  o.eclipse.m2e.core.internal.Bundles - 	Entry: C:\Users\BAIPALLI DILLEERAO\Downloads\sts-4.22.0.RELEASE\plugins\org.eclipse.m2e.maven.runtime_3.9.600.20231203-1234\jars\maven-artifact-3.9.6.jar
2024-07-28 12:12:22,579 [Worker-16: Launching BootRest_1] INFO  o.eclipse.m2e.core.internal.Bundles - 	Entry: C:\Users\BAIPALLI DILLEERAO\Downloads\sts-4.22.0.RELEASE\plugins\org.eclipse.m2e.maven.runtime_3.9.600.20231203-1234\jars\maven-builder-support-3.9.6.jar
2024-07-28 12:12:22,579 [Worker-16: Launching BootRest_1] INFO  o.eclipse.m2e.core.internal.Bundles - 	Entry: C:\Users\BAIPALLI DILLEERAO\Downloads\sts-4.22.0.RELEASE\plugins\org.eclipse.m2e.maven.runtime_3.9.600.20231203-1234\jars\maven-compat-3.9.6.jar
2024-07-28 12:12:22,580 [Worker-16: Launching BootRest_1] INFO  o.eclipse.m2e.core.internal.Bundles - 	Entry: C:\Users\BAIPALLI DILLEERAO\Downloads\sts-4.22.0.RELEASE\plugins\org.eclipse.m2e.maven.runtime_3.9.600.20231203-1234\jars\maven-core-3.9.6.jar
2024-07-28 12:12:22,580 [Worker-16: Launching BootRest_1] INFO  o.eclipse.m2e.core.internal.Bundles - 	Entry: C:\Users\BAIPALLI DILLEERAO\Downloads\sts-4.22.0.RELEASE\plugins\org.eclipse.m2e.maven.runtime_3.9.600.20231203-1234\jars\maven-embedder-3.9.6.jar
2024-07-28 12:12:22,580 [Worker-16: Launching BootRest_1] INFO  o.eclipse.m2e.core.internal.Bundles - 	Entry: C:\Users\BAIPALLI DILLEERAO\Downloads\sts-4.22.0.RELEASE\plugins\org.eclipse.m2e.maven.runtime_3.9.600.20231203-1234\jars\maven-model-3.9.6.jar
2024-07-28 12:12:22,580 [Worker-16: Launching BootRest_1] INFO  o.eclipse.m2e.core.internal.Bundles - 	Entry: C:\Users\BAIPALLI DILLEERAO\Downloads\sts-4.22.0.RELEASE\plugins\org.eclipse.m2e.maven.runtime_3.9.600.20231203-1234\jars\maven-model-builder-3.9.6.jar
2024-07-28 12:12:22,581 [Worker-16: Launching BootRest_1] INFO  o.eclipse.m2e.core.internal.Bundles - 	Entry: C:\Users\BAIPALLI DILLEERAO\Downloads\sts-4.22.0.RELEASE\plugins\org.eclipse.m2e.maven.runtime_3.9.600.20231203-1234\jars\maven-plugin-api-3.9.6.jar
2024-07-28 12:12:22,581 [Worker-16: Launching BootRest_1] INFO  o.eclipse.m2e.core.internal.Bundles - 	Entry: C:\Users\BAIPALLI DILLEERAO\Downloads\sts-4.22.0.RELEASE\plugins\org.eclipse.m2e.maven.runtime_3.9.600.20231203-1234\jars\maven-repository-metadata-3.9.6.jar
2024-07-28 12:12:22,581 [Worker-16: Launching BootRest_1] INFO  o.eclipse.m2e.core.internal.Bundles - 	Entry: C:\Users\BAIPALLI DILLEERAO\Downloads\sts-4.22.0.RELEASE\plugins\org.eclipse.m2e.maven.runtime_3.9.600.20231203-1234\jars\maven-resolver-api-1.9.18.jar
2024-07-28 12:12:22,582 [Worker-16: Launching BootRest_1] INFO  o.eclipse.m2e.core.internal.Bundles - 	Entry: C:\Users\BAIPALLI DILLEERAO\Downloads\sts-4.22.0.RELEASE\plugins\org.eclipse.m2e.maven.runtime_3.9.600.20231203-1234\jars\maven-resolver-connector-basic-1.9.18.jar
2024-07-28 12:12:22,582 [Worker-16: Launching BootRest_1] INFO  o.eclipse.m2e.core.internal.Bundles - 	Entry: C:\Users\BAIPALLI DILLEERAO\Downloads\sts-4.22.0.RELEASE\plugins\org.eclipse.m2e.maven.runtime_3.9.600.20231203-1234\jars\maven-resolver-impl-1.9.18.jar
2024-07-28 12:12:22,582 [Worker-16: Launching BootRest_1] INFO  o.eclipse.m2e.core.internal.Bundles - 	Entry: C:\Users\BAIPALLI DILLEERAO\Downloads\sts-4.22.0.RELEASE\plugins\org.eclipse.m2e.maven.runtime_3.9.600.20231203-1234\jars\maven-resolver-named-locks-1.9.18.jar
2024-07-28 12:12:22,583 [Worker-16: Launching BootRest_1] INFO  o.eclipse.m2e.core.internal.Bundles - 	Entry: C:\Users\BAIPALLI DILLEERAO\Downloads\sts-4.22.0.RELEASE\plugins\org.eclipse.m2e.maven.runtime_3.9.600.20231203-1234\jars\maven-resolver-provider-3.9.6.jar
2024-07-28 12:12:22,583 [Worker-16: Launching BootRest_1] INFO  o.eclipse.m2e.core.internal.Bundles - 	Entry: C:\Users\BAIPALLI DILLEERAO\Downloads\sts-4.22.0.RELEASE\plugins\org.eclipse.m2e.maven.runtime_3.9.600.20231203-1234\jars\maven-resolver-spi-1.9.18.jar
2024-07-28 12:12:22,583 [Worker-16: Launching BootRest_1] INFO  o.eclipse.m2e.core.internal.Bundles - 	Entry: C:\Users\BAIPALLI DILLEERAO\Downloads\sts-4.22.0.RELEASE\plugins\org.eclipse.m2e.maven.runtime_3.9.600.20231203-1234\jars\maven-resolver-transport-file-1.9.18.jar
2024-07-28 12:12:22,583 [Worker-16: Launching BootRest_1] INFO  o.eclipse.m2e.core.internal.Bundles - 	Entry: C:\Users\BAIPALLI DILLEERAO\Downloads\sts-4.22.0.RELEASE\plugins\org.eclipse.m2e.maven.runtime_3.9.600.20231203-1234\jars\maven-resolver-transport-http-1.9.18.jar
2024-07-28 12:12:22,583 [Worker-16: Launching BootRest_1] INFO  o.eclipse.m2e.core.internal.Bundles - 	Entry: C:\Users\BAIPALLI DILLEERAO\Downloads\sts-4.22.0.RELEASE\plugins\org.eclipse.m2e.maven.runtime_3.9.600.20231203-1234\jars\maven-resolver-transport-wagon-1.9.18.jar
2024-07-28 12:12:22,584 [Worker-16: Launching BootRest_1] INFO  o.eclipse.m2e.core.internal.Bundles - 	Entry: C:\Users\BAIPALLI DILLEERAO\Downloads\sts-4.22.0.RELEASE\plugins\org.eclipse.m2e.maven.runtime_3.9.600.20231203-1234\jars\maven-resolver-util-1.9.18.jar
2024-07-28 12:12:22,584 [Worker-16: Launching BootRest_1] INFO  o.eclipse.m2e.core.internal.Bundles - 	Entry: C:\Users\BAIPALLI DILLEERAO\Downloads\sts-4.22.0.RELEASE\plugins\org.eclipse.m2e.maven.runtime_3.9.600.20231203-1234\jars\maven-settings-3.9.6.jar
2024-07-28 12:12:22,585 [Worker-16: Launching BootRest_1] INFO  o.eclipse.m2e.core.internal.Bundles - 	Entry: C:\Users\BAIPALLI DILLEERAO\Downloads\sts-4.22.0.RELEASE\plugins\org.eclipse.m2e.maven.runtime_3.9.600.20231203-1234\jars\maven-settings-builder-3.9.6.jar
2024-07-28 12:12:22,586 [Worker-16: Launching BootRest_1] INFO  o.eclipse.m2e.core.internal.Bundles - 	Entry: C:\Users\BAIPALLI DILLEERAO\Downloads\sts-4.22.0.RELEASE\plugins\org.eclipse.m2e.maven.runtime_3.9.600.20231203-1234\jars\maven-shared-utils-3.3.4.jar
2024-07-28 12:12:22,586 [Worker-16: Launching BootRest_1] INFO  o.eclipse.m2e.core.internal.Bundles - 	Entry: C:\Users\BAIPALLI DILLEERAO\Downloads\sts-4.22.0.RELEASE\plugins\org.eclipse.m2e.maven.runtime_3.9.600.20231203-1234\jars\org.eclipse.sisu.inject-0.9.0.M2.jar
2024-07-28 12:12:22,586 [Worker-16: Launching BootRest_1] INFO  o.eclipse.m2e.core.internal.Bundles - 	Entry: C:\Users\BAIPALLI DILLEERAO\Downloads\sts-4.22.0.RELEASE\plugins\org.eclipse.m2e.maven.runtime_3.9.600.20231203-1234\jars\org.eclipse.sisu.plexus-0.9.0.M2.jar
2024-07-28 12:12:22,586 [Worker-16: Launching BootRest_1] INFO  o.eclipse.m2e.core.internal.Bundles - 	Entry: C:\Users\BAIPALLI DILLEERAO\Downloads\sts-4.22.0.RELEASE\plugins\org.eclipse.m2e.maven.runtime_3.9.600.20231203-1234\jars\plexus-build-api-0.0.7.jar
2024-07-28 12:12:22,587 [Worker-16: Launching BootRest_1] INFO  o.eclipse.m2e.core.internal.Bundles - 	Entry: C:\Users\BAIPALLI DILLEERAO\Downloads\sts-4.22.0.RELEASE\plugins\org.eclipse.m2e.maven.runtime_3.9.600.20231203-1234\jars\plexus-cipher-2.0.jar
2024-07-28 12:12:22,588 [Worker-16: Launching BootRest_1] INFO  o.eclipse.m2e.core.internal.Bundles - 	Entry: C:\Users\BAIPALLI DILLEERAO\Downloads\sts-4.22.0.RELEASE\plugins\org.eclipse.m2e.maven.runtime_3.9.600.20231203-1234\jars\plexus-classworlds-2.7.0.jar
2024-07-28 12:12:22,589 [Worker-16: Launching BootRest_1] INFO  o.eclipse.m2e.core.internal.Bundles - 	Entry: C:\Users\BAIPALLI DILLEERAO\Downloads\sts-4.22.0.RELEASE\plugins\org.eclipse.m2e.maven.runtime_3.9.600.20231203-1234\jars\plexus-component-annotations-2.1.0.jar
2024-07-28 12:12:22,590 [Worker-16: Launching BootRest_1] INFO  o.eclipse.m2e.core.internal.Bundles - 	Entry: C:\Users\BAIPALLI DILLEERAO\Downloads\sts-4.22.0.RELEASE\plugins\org.eclipse.m2e.maven.runtime_3.9.600.20231203-1234\jars\plexus-interpolation-1.26.jar
2024-07-28 12:12:22,591 [Worker-16: Launching BootRest_1] INFO  o.eclipse.m2e.core.internal.Bundles - 	Entry: C:\Users\BAIPALLI DILLEERAO\Downloads\sts-4.22.0.RELEASE\plugins\org.eclipse.m2e.maven.runtime_3.9.600.20231203-1234\jars\plexus-sec-dispatcher-2.0.jar
2024-07-28 12:12:22,591 [Worker-16: Launching BootRest_1] INFO  o.eclipse.m2e.core.internal.Bundles - 	Entry: C:\Users\BAIPALLI DILLEERAO\Downloads\sts-4.22.0.RELEASE\plugins\org.eclipse.m2e.maven.runtime_3.9.600.20231203-1234\jars\plexus-utils-3.5.1.jar
2024-07-28 12:12:22,591 [Worker-16: Launching BootRest_1] INFO  o.eclipse.m2e.core.internal.Bundles - 	Entry: C:\Users\BAIPALLI DILLEERAO\Downloads\sts-4.22.0.RELEASE\plugins\org.eclipse.m2e.maven.runtime_3.9.600.20231203-1234\jars\wagon-file-3.5.3.jar
2024-07-28 12:12:22,592 [Worker-16: Launching BootRest_1] INFO  o.eclipse.m2e.core.internal.Bundles - 	Entry: C:\Users\BAIPALLI DILLEERAO\Downloads\sts-4.22.0.RELEASE\plugins\org.eclipse.m2e.maven.runtime_3.9.600.20231203-1234\jars\wagon-http-3.5.3.jar
2024-07-28 12:12:22,592 [Worker-16: Launching BootRest_1] INFO  o.eclipse.m2e.core.internal.Bundles - 	Entry: C:\Users\BAIPALLI DILLEERAO\Downloads\sts-4.22.0.RELEASE\plugins\org.eclipse.m2e.maven.runtime_3.9.600.20231203-1234\jars\wagon-http-shared-3.5.3.jar
2024-07-28 12:12:22,592 [Worker-16: Launching BootRest_1] INFO  o.eclipse.m2e.core.internal.Bundles - 	Entry: C:\Users\BAIPALLI DILLEERAO\Downloads\sts-4.22.0.RELEASE\plugins\org.eclipse.m2e.maven.runtime_3.9.600.20231203-1234\jars\wagon-provider-api-3.5.3.jar
2024-07-28 12:12:22,594 [Worker-16: Launching BootRest_1] INFO  o.eclipse.m2e.core.internal.Bundles - getClasspathEntries(Bundle=com.google.guava_33.0.0.jre [27])
2024-07-28 12:12:22,594 [Worker-16: Launching BootRest_1] INFO  o.eclipse.m2e.core.internal.Bundles - 	Entry: C:\Users\BAIPALLI DILLEERAO\Downloads\sts-4.22.0.RELEASE\plugins\com.google.guava_33.0.0.jre.jar
2024-07-28 12:12:22,594 [Worker-16: Launching BootRest_1] INFO  o.eclipse.m2e.core.internal.Bundles - getClasspathEntries(Bundle=slf4j.api_2.0.12 [583])
2024-07-28 12:12:22,595 [Worker-16: Launching BootRest_1] INFO  o.eclipse.m2e.core.internal.Bundles - 	Entry: C:\Users\BAIPALLI DILLEERAO\Downloads\sts-4.22.0.RELEASE\plugins\slf4j.api_2.0.12.jar
2024-07-28 12:12:22,595 [Worker-16: Launching BootRest_1] INFO  o.eclipse.m2e.core.internal.Bundles - getClasspathEntries(Bundle=jakarta.inject.jakarta.inject-api_1.0.5 [44])
2024-07-28 12:12:22,596 [Worker-16: Launching BootRest_1] INFO  o.eclipse.m2e.core.internal.Bundles - 	Entry: C:\Users\BAIPALLI DILLEERAO\Downloads\sts-4.22.0.RELEASE\plugins\jakarta.inject.jakarta.inject-api_1.0.5.jar
2024-07-28 12:12:22,596 [Worker-16: Launching BootRest_1] INFO  o.eclipse.m2e.core.internal.Bundles - getClasspathEntries(Bundle=jakarta.annotation-api_1.3.5 [40])
2024-07-28 12:12:22,596 [Worker-16: Launching BootRest_1] INFO  o.eclipse.m2e.core.internal.Bundles - 	Entry: C:\Users\BAIPALLI DILLEERAO\Downloads\sts-4.22.0.RELEASE\plugins\jakarta.annotation-api_1.3.5.jar
2024-07-28 12:12:22,596 [Worker-16: Launching BootRest_1] INFO  o.eclipse.m2e.core.internal.Bundles - getClasspathEntries(Bundle=org.apache.commons.cli_1.6.0 [75])
2024-07-28 12:12:22,597 [Worker-16: Launching BootRest_1] INFO  o.eclipse.m2e.core.internal.Bundles - 	Entry: C:\Users\BAIPALLI DILLEERAO\Downloads\sts-4.22.0.RELEASE\plugins\org.apache.commons.cli_1.6.0.jar
2024-07-28 12:12:22,597 [Worker-16: Launching BootRest_1] INFO  o.eclipse.m2e.core.internal.Bundles - getClasspathEntries(Bundle=org.apache.commons.commons-codec_1.16.0 [77])
2024-07-28 12:12:22,601 [Worker-16: Launching BootRest_1] INFO  o.eclipse.m2e.core.internal.Bundles - 	Entry: C:\Users\BAIPALLI DILLEERAO\Downloads\sts-4.22.0.RELEASE\plugins\org.apache.commons.commons-codec_1.16.0.jar
2024-07-28 12:12:22,601 [Worker-16: Launching BootRest_1] INFO  o.eclipse.m2e.core.internal.Bundles - getClasspathEntries(Bundle=org.apache.commons.lang3_3.14.0 [81])
2024-07-28 12:12:22,602 [Worker-16: Launching BootRest_1] INFO  o.eclipse.m2e.core.internal.Bundles - 	Entry: C:\Users\BAIPALLI DILLEERAO\Downloads\sts-4.22.0.RELEASE\plugins\org.apache.commons.lang3_3.14.0.jar
2024-07-28 12:12:22,602 [Worker-16: Launching BootRest_1] INFO  o.eclipse.m2e.core.internal.Bundles - getClasspathEntries(Bundle=com.google.guava.failureaccess_1.0.2 [29])
2024-07-28 12:12:22,603 [Worker-16: Launching BootRest_1] INFO  o.eclipse.m2e.core.internal.Bundles - 	Entry: C:\Users\BAIPALLI DILLEERAO\Downloads\sts-4.22.0.RELEASE\plugins\com.google.guava.failureaccess_1.0.2.jar
2024-07-28 12:12:22,609 [Worker-16: Launching BootRest_1] INFO  o.e.m.i.launch.MavenLaunchDelegate - Run build in "C:\Users\BAIPALLI DILLEERAO\OneDrive\Desktop\New folder\BootRest_1":
2024-07-28 12:12:22,610 [Worker-16: Launching BootRest_1] INFO  o.e.m.i.launch.MavenLaunchDelegate -  mvn  -Ppom.xml -B -Dstyle.color=always clean package
